<?xml version="1.0" encoding="UTF-8"?>
<!-- Generated by org.testng.reporters.JUnitReportReporter -->
<testsuite skipped="0" hostname="Lesias-Air.westell.com" name="datavalidation.MockarooDataValidation" tests="15" failures="0" timestamp="28 Jun 2018 17:06:38 GMT" time="9.440" errors="0">
  <testcase name="titleTest" time="0.023" classname="datavalidation.MockarooDataValidation"/>
  <testcase name="titleValidation" time="0.204" classname="datavalidation.MockarooDataValidation"/>
  <testcase name="title2Validation" time="0.047" classname="datavalidation.MockarooDataValidation"/>
  <testcase name="remove" time="0.472" classname="datavalidation.MockarooDataValidation"/>
  <testcase name="labelCheck" time="0.128" classname="datavalidation.MockarooDataValidation"/>
  <testcase name="isEnabled" time="0.037" classname="datavalidation.MockarooDataValidation"/>
  <testcase name="defaultRows" time="0.028" classname="datavalidation.MockarooDataValidation"/>
  <testcase name="defaultFormat" time="0.030" classname="datavalidation.MockarooDataValidation"/>
  <testcase name="defaultLineEnding" time="0.032" classname="datavalidation.MockarooDataValidation"/>
  <testcase name="headerIsChecked" time="0.069" classname="datavalidation.MockarooDataValidation"/>
  <testcase name="testAddField" time="0.299" classname="datavalidation.MockarooDataValidation"/>
  <testcase name="testIsDisplayed" time="0.172" classname="datavalidation.MockarooDataValidation"/>
  <testcase name="testSearchForCity" time="3.598" classname="datavalidation.MockarooDataValidation"/>
  <testcase name="addCountry" time="3.698" classname="datavalidation.MockarooDataValidation"/>
  <testcase name="loadLists" time="0.603" classname="datavalidation.MockarooDataValidation"/>
</testsuite> <!-- datavalidation.MockarooDataValidation -->
